<?xml version="1.0" encoding="UTF-8"?>
<!-- Generated by org.testng.reporters.JUnitReportReporter -->
<testsuite hostname="LUK-5CG01161YJ" failures="0" tests="2" name="com.orangeHRM.tests.loginPageTests" time="18.173" errors="0" timestamp="2023-03-28T15:08:39 BST" skipped="0">
  <testcase classname="com.orangeHRM.tests.loginPageTests" name="verifyLogin" time="11.684"/>
  <system-out/>
  <testcase classname="com.orangeHRM.tests.loginPageTests" name="verifyLogo" time="6.489"/>
  <system-out/>
</testsuite> <!-- com.orangeHRM.tests.loginPageTests -->
